Running: C:\Xilinx\14.7\ISE_DS\ISE\bin\nt64\unwrapped\fuse.exe -intstyle ise -incremental -o D:/Work 2017/AIT Lab/VHDL/Shematik/broq42_broq42_sch_tb_isim_beh.exe -prj D:/Work 2017/AIT Lab/VHDL/Shematik/broq42_broq42_sch_tb_beh.prj work.broq42_broq42_sch_tb 
ISim P.20131013 (signature 0x7708f090)
Number of CPUs detected in this system: 4
Turning on mult-threading, number of parallel sub-compilation jobs: 8 
Determining compilation order of HDL files
Parsing VHDL file "D:/Work 2017/AIT Lab/VHDL/Shematik/broq42.vhf" into library work
Parsing VHDL file "D:/Work 2017/AIT Lab/VHDL/Shematik/testttb2.vhd" into library work
Starting static elaboration
Completed static elaboration
Compiling package standard
Compiling package std_logic_1164
Compiling package numeric_std
Compiling package vcomponents
Compiling architecture fdc_v of entity FDC [\FDC('0')\]
Compiling architecture and3b2_v of entity AND3B2 [and3b2_default]
Compiling architecture and3b1_v of entity AND3B1 [and3b1_default]
Compiling architecture or3_v of entity OR3 [or3_default]
Compiling architecture and2b1_v of entity AND2B1 [and2b1_default]
Compiling architecture behavioral of entity FJKC_MXILINX_broq42 [\FJKC_MXILINX_broq42('0')\]
Compiling architecture inv_v of entity INV [inv_default]
Compiling architecture behavioral of entity broq42 [broq42_default]
Compiling architecture behavioral of entity broq42_broq42_sch_tb
Time Resolution for simulation is 1ps.
Waiting for 5 sub-compilation(s) to finish...
Compiled 21 VHDL Units
Built simulation executable D:/Work 2017/AIT Lab/VHDL/Shematik/broq42_broq42_sch_tb_isim_beh.exe
Fuse Memory Usage: 47096 KB
Fuse CPU Usage: 530 ms
