#-----------------------------------------------------------
# PlanAhead v14.7 (64-bit)
# Build 321239 by xbuild on Fri Sep 27 19:29:51 MDT 2013
# Start of session at: Mon Dec 04 14:37:13 2017
# Process ID: 7080
# Log file: D:/Work 2017/AIT Lab/planAhead_run_1/planAhead.log
# Journal file: D:/Work 2017/AIT Lab/planAhead_run_1/planAhead.jou
#-----------------------------------------------------------
INFO: [Common 17-78] Attempting to get a license: PlanAhead
INFO: [Common 17-290] Got license for PlanAhead
INFO: [Device 21-36] Loading parts and site information from C:/Xilinx/14.7/ISE_DS/PlanAhead/data/parts/arch.xml
Parsing RTL primitives file [C:/Xilinx/14.7/ISE_DS/PlanAhead/data/parts/xilinx/rtl/prims/rtl_prims.xml]
Finished parsing RTL primitives file [C:/Xilinx/14.7/ISE_DS/PlanAhead/data/parts/xilinx/rtl/prims/rtl_prims.xml]
start_gui
source {D:/Work 2017/AIT Lab/pa.fromNetlist.tcl}
# create_project -name Lab10-11 -dir "D:/Work 2017/AIT Lab/planAhead_run_1" -part xc3s250ecp132-5
# set_property design_mode GateLvl [get_property srcset [current_run -impl]]
# set_property edif_top_file "D:/Work 2017/AIT Lab/mux4x1.ngc" [ get_property srcset [ current_run ] ]
# add_files -norecurse { {D:/Work 2017/AIT Lab} }
# set_param project.pinAheadLayout  yes
# set_property target_constrs_file "mux4x1.ucf" [current_fileset -constrset]
Adding file 'D:/Work 2017/AIT Lab/mux4x1.ucf' to fileset 'constrs_1'
# add_files [list {mux4x1.ucf}] -fileset [get_property constrset [current_run]]
# link_design
Design is defaulting to srcset: sources_1
Design is defaulting to constrset: constrs_1
Design is defaulting to project part: xc3s250ecp132-5
Release 14.7 - ngc2edif P.20131013 (nt64)
Copyright (c) 1995-2013 Xilinx, Inc.  All rights reserved.
Reading design mux4x1.ngc ...
WARNING:NetListWriters:298 - No output is written to mux4x1.xncf, ignored.
Processing design ...
   Preping design's networks ...
   Preping design's macros ...
  finished :Prep
Writing EDIF netlist file mux4x1.edif ...
ngc2edif: Total memory usage is 75444 kilobytes

Parsing EDIF File [./planAhead_run_1/Lab10-11.data/cache/mux4x1_ngc_zx.edif]
Finished Parsing EDIF File [./planAhead_run_1/Lab10-11.data/cache/mux4x1_ngc_zx.edif]
INFO: [Designutils 20-910] Reading macro library C:/Xilinx/14.7/ISE_DS/PlanAhead/data\./parts/xilinx/spartan3e/spartan3e/hd_int_macros.edn
Parsing EDIF File [C:/Xilinx/14.7/ISE_DS/PlanAhead/data\./parts/xilinx/spartan3e/spartan3e/hd_int_macros.edn]
Finished Parsing EDIF File [C:/Xilinx/14.7/ISE_DS/PlanAhead/data\./parts/xilinx/spartan3e/spartan3e/hd_int_macros.edn]
Loading clock regions from C:/Xilinx/14.7/ISE_DS/PlanAhead/data\parts/xilinx/spartan3e/spartan3e/xc3s250e/ClockRegion.xml
Loading clock buffers from C:/Xilinx/14.7/ISE_DS/PlanAhead/data\parts/xilinx/spartan3e/spartan3e/xc3s250e/ClockBuffers.xml
Loading package from C:/Xilinx/14.7/ISE_DS/PlanAhead/data\parts/xilinx/spartan3e/spartan3e/xc3s250e/cp132/Package.xml
Loading io standards from C:/Xilinx/14.7/ISE_DS/PlanAhead/data\./parts/xilinx/spartan3e/IOStandards.xml
INFO: [Device 21-19] Loading pkg sso from C:/Xilinx/14.7/ISE_DS/PlanAhead/data\parts/xilinx/spartan3e/spartan3e/xc3s250e/cp132/SSORules.xml
Loading list of drcs for the architecture : C:/Xilinx/14.7/ISE_DS/PlanAhead/data\./parts/xilinx/spartan3e/spartan3e/drc.xml
INFO: [Timing 38-77] Reading timing library C:/Xilinx/14.7/ISE_DS/PlanAhead/data\parts/xilinx/spartan3e/spartan3e/spartan3e-5.lib.
INFO: [Timing 38-34] Done reading timing library C:/Xilinx/14.7/ISE_DS/PlanAhead/data\parts/xilinx/spartan3e/spartan3e/spartan3e-5.lib.
Parsing UCF File [D:/Work 2017/AIT Lab/mux4x1.ucf]
Finished Parsing UCF File [D:/Work 2017/AIT Lab/mux4x1.ucf]
INFO: [Project 1-111] Unisim Transformation Summary:
No Unisim elements were transformed.

Phase 0 | Netlist Checksum: 488c5629
link_design: Time (s): elapsed = 00:00:06 . Memory (MB): peak = 545.938 ; gain = 135.137
startgroup
set_property package_pin A7 [get_ports A]
endgroup
startgroup
set_property package_pin M5 [get_ports f]
endgroup
startgroup
set_property package_pin P11 [get_ports X0]
endgroup
startgroup
set_property package_pin L3 [get_ports X1]
endgroup
set_property is_loc_fixed false [get_ports [list  X1]]
set_property is_loc_fixed true [get_ports [list  X1]]
save_constraints
exit
ERROR: [PlanAhead 12-106] *** Exception: ui.h.b: Found deleted key in HTclEventBroker. Verify if the classes listed here call cleanup()
HTclEvent: SIGNAL_BUS_MODIFY   Classes: ui.views.aR 
HTclEvent: SIGNAL_MODIFY   Classes: ui.views.aR 
HTclEvent: DEBUG_PORT_CONFIG_CHANGE   Classes: ui.views.aR 
HTclEvent: DEBUG_CORE_CONFIG_CHANGE   Classes: ui.views.aR 
 (See D:/Work 2017/AIT Lab\planAhead_pid7080.debug)
ERROR: [Common 17-39] 'stop_gui' failed due to earlier errors.
INFO: [Common 17-206] Exiting PlanAhead at Mon Dec 04 14:39:45 2017...
INFO: [Common 17-83] Releasing license: PlanAhead
